<?xml version="1.0" encoding="UTF-8"?>
<testng-results ignored="0" total="1" passed="1" failed="0" skipped="0">
  <reporter-output>
  </reporter-output>
  <suite started-at="2024-09-25T18:13:45 IST" name="Default suite" finished-at="2024-09-25T18:13:58 IST" duration-ms="12608">
    <groups>
    </groups>
    <test started-at="2024-09-25T18:13:45 IST" name="Default test" finished-at="2024-09-25T18:13:58 IST" duration-ms="12608">
      <class name="testt.learn">
        <test-method is-config="true" signature="setUp()[pri:0, instance:testt.learn@3cebbb30]" started-at="2024-09-25T18:13:45 IST" name="setUp" finished-at="2024-09-25T18:13:49 IST" duration-ms="3823" status="PASS">
          <reporter-output>
          </reporter-output>
        </test-method> <!-- setUp -->
        <test-method signature="Method_three()[pri:3, instance:testt.learn@3cebbb30]" started-at="2024-09-25T18:13:49 IST" name="Method_three" finished-at="2024-09-25T18:13:58 IST" duration-ms="8726" status="PASS">
          <reporter-output>
          </reporter-output>
        </test-method> <!-- Method_three -->
      </class> <!-- testt.learn -->
    </test> <!-- Default test -->
  </suite> <!-- Default suite -->
</testng-results>
